
================================================================================
TTE/TTF Pipeline Started - 2026-04-01 16:06:06
Log file: E:\time_to_empty\logs\execution_20260401_160606.log
================================================================================

================================================================================
TTE/TTF Pipeline - Mode: VALIDATE
================================================================================

[VALIDATION] Starting TTE/TTF validation...

[DISCOVERED] 1 batteries in data/:
  [OK] SE0100000092: SE0100000092.parquet

================================================================================
[VALIDATING] Battery: SE0100000092
================================================================================
[1] Loading SE0100000092 data...
    Loaded 995,137 rows
[2] Preprocessing...
    [DTO] Transforming data with dto_ness_parquet...
    [DTO] Columns after DTO: ['ts', 'ic', 'id', 'lv', 'soc', 'tmp', 'soh', 'strv_1', 'strv_2', 'strv_3', 'strv_4', 'strv_5', 'strv_6', 'strv_7', 'strv_8', 'strv_9', 'strv_10', 'strv_11', 'strv_12', 'strv_13', 'strv_14', 'strv_15', 'strv_16', 'CyCnt', 'FullCap', 'BT1', 'BT2', 'BT3', 'BT4']
    [TIME] Adding time columns...
    [STATE] Determining charging/discharging/rest states...
    [STATE] State distribution:
      - Charging: 252275
      - Discharging: 584992
      - Rest: 157870
      - NaN: 0
[3] Loading predictions from tte_ttf_SE0100000092.csv...
    Loaded 73,520 predictions
[4] Computing actual TTE...
    [ERROR] Error computing actual TTE: time data "2025-03-12 12:19:27+00:00" doesn't match format "%Y-%m-%d %H:%M:%S.%f%z", at position 418. You might want to try:
    - passing `format` if your strings have a consistent format;
    - passing `format='ISO8601'` if your strings are all ISO8601 but not necessarily in exactly the same format;
    - passing `format='mixed'`, and the format will be inferred for each element individually. You might want to use `dayfirst` alongside this.

================================================================================
[SUCCESS] All Batteries Validated
================================================================================

================================================================================
[SUCCESS] Complete
================================================================================
