
================================================================================
TTE/TTF Pipeline Started - 2026-04-01 15:19:29
Log file: E:\time_to_empty\logs\execution_20260401_151929.log
================================================================================

================================================================================
TTE/TTF Pipeline - Mode: VALIDATE
================================================================================

[VALIDATION] Starting TTE/TTF validation...

[DISCOVERED] 1 batteries in data/:
  [OK] SE0100000092: SE0100000092.parquet

================================================================================
[VALIDATING] Battery: SE0100000092
================================================================================
[1] Loading SE0100000092 data...
    Loaded 995,137 rows
[2] Preprocessing...
    [DTO] Transforming data with dto_ness_parquet...
    [DTO] Columns after DTO: ['ts', 'ic', 'id', 'lv', 'soc', 'tmp', 'soh', 'strv_1', 'strv_2', 'strv_3', 'strv_4', 'strv_5', 'strv_6', 'strv_7', 'strv_8', 'strv_9', 'strv_10', 'strv_11', 'strv_12', 'strv_13', 'strv_14', 'strv_15', 'strv_16', 'CyCnt', 'FullCap', 'BT1', 'BT2', 'BT3', 'BT4']
    [TIME] Adding time columns...
    [STATE] Determining charging/discharging/rest states...
    [STATE] State distribution:
      - Charging: 252275
      - Discharging: 584992
      - Rest: 157870
      - NaN: 0
[3] Loading predictions from tte_ttf_SE0100000092.csv...
    Loaded 73,520 predictions
[4] Computing actual TTE...
    Computed actual TTE for 43,961 rows
[5] Computing validation metrics...

================================================================================
  TTE/TTF VALIDATION REPORT — SE0100000092
================================================================================

  Validation Data:
    Total discharge rows:           45,595
    Rows with TTE:                  43,601 (95.6%)
    Rows with actual_tte:           43,131 (94.6%)

  ERROR DISTRIBUTION (predicted - actual):
    Mean bias:             -9.18 hours ( -550.7 min)
    Std deviation:           6.23 hours
    Range:          [ -74.54,    2.29] hours
    Percentiles: p50= -8.13h, p25=-11.93h, p75= -5.26h

  GAUSSIAN ANALYSIS:
    Normality test (p>0.05):    [!] Non-normal (p=0.000)
    Mean +/- Std:                 -9.18 +/-   6.23 hours
    68% within +/-1sigma:       [ -15.41,   -2.94] (77.5%)
    95% within +/-2sigma:       [ -21.65,    3.29] (96.7%)

  ACCURACY METRICS:
    MAE (Mean Absolute Error):       9.21 hours ( 552.4 min)
    RMSE:                           11.10 hours
    MAPE:                            63.7%
    Within ±1 hour:                   2.1%
    Within ±30 min:                   0.7%
    Within ±15 min:                   0.3%

  BY CONFIDENCE LEVEL:
       HIGH: MAE=  9.06h, bias= -9.03h, n=41,804
     MEDIUM: MAE= 10.13h, bias=-10.13h, n=   602
        LOW: MAE= 16.83h, bias=-16.83h, n=   725

  BY SOC RANGE:
       0-20%: MAE=  4.07h, n= 1,215
      20-50%: MAE=  6.39h, n=15,140
      50-80%: MAE= 10.34h, n=19,479
     80-100%: MAE= 12.90h, n= 7,296

  TEMPORAL CONSISTENCY:
    Monotonicity violations:         70.2% (30,608 / 43,601)
    Mean TTE change rate:           -0.01 (ideal ~= -1.0)

================================================================================
[6] Saving validation CSV to validation_SE0100000092.csv...
    [OK] Saved 73,520 validation rows

================================================================================
[SUCCESS] All Batteries Validated
================================================================================

================================================================================
[SUCCESS] Complete
================================================================================
